May 16, 2015 3:40:04 PM org.apache.solr.servlet.SolrDispatchFilter init
INFO: SolrDispatchFilter.init()
May 16, 2015 3:40:04 PM org.apache.solr.core.SolrResourceLoader locateSolrHome
INFO: JNDI not configured for solr (NoInitialContextEx)
May 16, 2015 3:40:04 PM org.apache.solr.core.SolrResourceLoader locateSolrHome
INFO: using system property solr.solr.home: /Users/enyo/Sites/music-rails/solr
May 16, 2015 3:40:04 PM org.apache.solr.core.CoreContainer$Initializer initialize
INFO: looking for solr.xml: /Users/enyo/Sites/music-rails/solr/solr.xml
May 16, 2015 3:40:04 PM org.apache.solr.core.CoreContainer <init>
INFO: New CoreContainer 1210898719
May 16, 2015 3:40:04 PM org.apache.solr.core.CoreContainer load
INFO: Loading CoreContainer using Solr Home: '/Users/enyo/Sites/music-rails/solr/'
May 16, 2015 3:40:04 PM org.apache.solr.core.SolrResourceLoader <init>
INFO: new SolrResourceLoader for directory: '/Users/enyo/Sites/music-rails/solr/'
May 16, 2015 3:40:04 PM org.apache.solr.handler.component.HttpShardHandlerFactory getParameter
INFO: Setting socketTimeout to: 0
May 16, 2015 3:40:04 PM org.apache.solr.handler.component.HttpShardHandlerFactory getParameter
INFO: Setting urlScheme to: http://
May 16, 2015 3:40:04 PM org.apache.solr.handler.component.HttpShardHandlerFactory getParameter
INFO: Setting connTimeout to: 0
May 16, 2015 3:40:04 PM org.apache.solr.handler.component.HttpShardHandlerFactory getParameter
INFO: Setting maxConnectionsPerHost to: 20
May 16, 2015 3:40:04 PM org.apache.solr.handler.component.HttpShardHandlerFactory getParameter
INFO: Setting corePoolSize to: 0
May 16, 2015 3:40:04 PM org.apache.solr.handler.component.HttpShardHandlerFactory getParameter
INFO: Setting maximumPoolSize to: 2147483647
May 16, 2015 3:40:04 PM org.apache.solr.handler.component.HttpShardHandlerFactory getParameter
INFO: Setting maxThreadIdleTime to: 5
May 16, 2015 3:40:04 PM org.apache.solr.handler.component.HttpShardHandlerFactory getParameter
INFO: Setting sizeOfQueue to: -1
May 16, 2015 3:40:04 PM org.apache.solr.handler.component.HttpShardHandlerFactory getParameter
INFO: Setting fairnessPolicy to: false
May 16, 2015 3:40:04 PM org.apache.solr.client.solrj.impl.HttpClientUtil createClient
INFO: Creating new http client, config:maxConnectionsPerHost=20&maxConnections=10000&socketTimeout=0&connTimeout=0&retry=false
May 16, 2015 3:40:04 PM org.apache.solr.core.CoreContainer load
INFO: Registering Log Listener
May 16, 2015 3:40:04 PM org.apache.solr.core.CoreContainer create
INFO: Creating SolrCore 'default' using instanceDir: /Users/enyo/Sites/music-rails/solr/.
May 16, 2015 3:40:04 PM org.apache.solr.core.CoreContainer create
INFO: Creating SolrCore 'development' using instanceDir: /Users/enyo/Sites/music-rails/solr/.
May 16, 2015 3:40:04 PM org.apache.solr.core.CoreContainer create
INFO: Creating SolrCore 'test' using instanceDir: /Users/enyo/Sites/music-rails/solr/.
May 16, 2015 3:40:04 PM org.apache.solr.core.SolrResourceLoader <init>
INFO: new SolrResourceLoader for directory: '/Users/enyo/Sites/music-rails/solr/./'
May 16, 2015 3:40:04 PM org.apache.solr.core.SolrResourceLoader <init>
INFO: new SolrResourceLoader for directory: '/Users/enyo/Sites/music-rails/solr/./'
May 16, 2015 3:40:04 PM org.apache.solr.core.SolrResourceLoader <init>
INFO: new SolrResourceLoader for directory: '/Users/enyo/Sites/music-rails/solr/./'
May 16, 2015 3:40:04 PM org.apache.solr.core.SolrConfig <init>
INFO: Using Lucene MatchVersion: LUCENE_41
May 16, 2015 3:40:04 PM org.apache.solr.core.SolrConfig <init>
INFO: Using Lucene MatchVersion: LUCENE_41
May 16, 2015 3:40:04 PM org.apache.solr.core.SolrConfig <init>
INFO: Using Lucene MatchVersion: LUCENE_41
May 16, 2015 3:40:04 PM org.apache.solr.core.SolrConfig <init>
INFO: Loaded SolrConfig: solrconfig.xml
May 16, 2015 3:40:04 PM org.apache.solr.core.SolrConfig <init>
INFO: Loaded SolrConfig: solrconfig.xml
May 16, 2015 3:40:04 PM org.apache.solr.core.SolrConfig <init>
INFO: Loaded SolrConfig: solrconfig.xml
May 16, 2015 3:40:04 PM org.apache.solr.schema.IndexSchema readSchema
INFO: Reading Solr Schema
May 16, 2015 3:40:04 PM org.apache.solr.schema.IndexSchema readSchema
INFO: Reading Solr Schema
May 16, 2015 3:40:04 PM org.apache.solr.schema.IndexSchema readSchema
INFO: Reading Solr Schema
May 16, 2015 3:40:04 PM org.apache.solr.schema.IndexSchema readSchema
INFO: Schema name=sunspot
May 16, 2015 3:40:04 PM org.apache.solr.schema.IndexSchema readSchema
INFO: Schema name=sunspot
May 16, 2015 3:40:04 PM org.apache.solr.schema.IndexSchema readSchema
INFO: Schema name=sunspot
May 16, 2015 3:40:04 PM org.apache.solr.schema.IndexSchema readSchema
INFO: default search field in schema is text
May 16, 2015 3:40:04 PM org.apache.solr.schema.IndexSchema readSchema
INFO: default search field in schema is text
May 16, 2015 3:40:04 PM org.apache.solr.schema.IndexSchema readSchema
INFO: query parser default operator is AND
May 16, 2015 3:40:04 PM org.apache.solr.schema.IndexSchema readSchema
INFO: unique key field: id
May 16, 2015 3:40:04 PM org.apache.solr.schema.IndexSchema readSchema
INFO: default search field in schema is text
May 16, 2015 3:40:04 PM org.apache.solr.schema.IndexSchema readSchema
INFO: query parser default operator is AND
May 16, 2015 3:40:04 PM org.apache.solr.schema.IndexSchema readSchema
INFO: query parser default operator is AND
May 16, 2015 3:40:04 PM org.apache.solr.schema.IndexSchema readSchema
INFO: unique key field: id
May 16, 2015 3:40:04 PM org.apache.solr.schema.IndexSchema readSchema
INFO: unique key field: id
May 16, 2015 3:40:04 PM org.apache.solr.core.SolrCore <init>
INFO: [test] Opening new SolrCore at /Users/enyo/Sites/music-rails/solr/./, dataDir=/Users/enyo/Sites/music-rails/solr/./test/data/
May 16, 2015 3:40:04 PM org.apache.solr.core.SolrCore <init>
INFO: JMX monitoring not detected for core: test
May 16, 2015 3:40:04 PM org.apache.solr.core.SolrCore <init>
INFO: [default] Opening new SolrCore at /Users/enyo/Sites/music-rails/solr/./, dataDir=/Users/enyo/Sites/music-rails/solr/./default/data/
May 16, 2015 3:40:04 PM org.apache.solr.core.SolrCore <init>
INFO: JMX monitoring not detected for core: default
May 16, 2015 3:40:04 PM org.apache.solr.core.SolrCore <init>
INFO: [development] Opening new SolrCore at /Users/enyo/Sites/music-rails/solr/./, dataDir=/Users/enyo/Sites/music-rails/solr/./development/data/
May 16, 2015 3:40:04 PM org.apache.solr.core.SolrCore <init>
INFO: JMX monitoring not detected for core: development
May 16, 2015 3:40:04 PM org.apache.solr.core.SolrCore initDirectoryFactory
INFO: solr.NRTCachingDirectoryFactory
May 16, 2015 3:40:04 PM org.apache.solr.core.SolrCore initDirectoryFactory
INFO: solr.NRTCachingDirectoryFactory
May 16, 2015 3:40:04 PM org.apache.solr.core.SolrCore initDirectoryFactory
INFO: solr.NRTCachingDirectoryFactory
May 16, 2015 3:40:04 PM org.apache.solr.core.CachingDirectoryFactory get
INFO: return new directory for /Users/enyo/Sites/music-rails/solr/./default/data forceNew: false
May 16, 2015 3:40:04 PM org.apache.solr.core.SolrCore getNewIndexDir
INFO: New index directory detected: old=null new=/Users/enyo/Sites/music-rails/solr/./default/data/index/
May 16, 2015 3:40:04 PM org.apache.solr.core.CachingDirectoryFactory get
INFO: return new directory for /Users/enyo/Sites/music-rails/solr/./default/data/index forceNew: false
May 16, 2015 3:40:04 PM org.apache.solr.core.CachingDirectoryFactory get
INFO: return new directory for /Users/enyo/Sites/music-rails/solr/./development/data forceNew: false
May 16, 2015 3:40:04 PM org.apache.solr.core.SolrCore getNewIndexDir
INFO: New index directory detected: old=null new=/Users/enyo/Sites/music-rails/solr/./development/data/index/
May 16, 2015 3:40:04 PM org.apache.solr.core.CachingDirectoryFactory get
INFO: return new directory for /Users/enyo/Sites/music-rails/solr/./development/data/index forceNew: false
May 16, 2015 3:40:04 PM org.apache.solr.core.CachingDirectoryFactory get
INFO: return new directory for /Users/enyo/Sites/music-rails/solr/./test/data forceNew: false
May 16, 2015 3:40:04 PM org.apache.solr.core.SolrCore getNewIndexDir
INFO: New index directory detected: old=null new=/Users/enyo/Sites/music-rails/solr/./test/data/index/
May 16, 2015 3:40:04 PM org.apache.solr.core.CachingDirectoryFactory get
INFO: return new directory for /Users/enyo/Sites/music-rails/solr/./test/data/index forceNew: false
May 16, 2015 3:40:04 PM org.apache.solr.core.RequestHandlers initHandlersFromConfig
INFO: created /select: solr.SearchHandler
May 16, 2015 3:40:04 PM org.apache.solr.core.RequestHandlers initHandlersFromConfig
INFO: created /query: solr.SearchHandler
May 16, 2015 3:40:04 PM org.apache.solr.core.RequestHandlers initHandlersFromConfig
INFO: created /get: solr.RealTimeGetHandler
May 16, 2015 3:40:04 PM org.apache.solr.core.RequestHandlers initHandlersFromConfig
INFO: created /select: solr.SearchHandler
May 16, 2015 3:40:04 PM org.apache.solr.core.RequestHandlers initHandlersFromConfig
INFO: created /query: solr.SearchHandler
May 16, 2015 3:40:04 PM org.apache.solr.core.RequestHandlers initHandlersFromConfig
INFO: created /select: solr.SearchHandler
May 16, 2015 3:40:04 PM org.apache.solr.core.RequestHandlers initHandlersFromConfig
INFO: created /query: solr.SearchHandler
May 16, 2015 3:40:04 PM org.apache.solr.core.RequestHandlers initHandlersFromConfig
INFO: created /get: solr.RealTimeGetHandler
May 16, 2015 3:40:04 PM org.apache.solr.core.RequestHandlers initHandlersFromConfig
INFO: created /update: solr.UpdateRequestHandler
May 16, 2015 3:40:04 PM org.apache.solr.core.RequestHandlers initHandlersFromConfig
INFO: created /update: solr.UpdateRequestHandler
May 16, 2015 3:40:04 PM org.apache.solr.core.RequestHandlers initHandlersFromConfig
INFO: created /get: solr.RealTimeGetHandler
May 16, 2015 3:40:04 PM org.apache.solr.core.RequestHandlers initHandlersFromConfig
INFO: created /update: solr.UpdateRequestHandler
May 16, 2015 3:40:04 PM org.apache.solr.core.RequestHandlers initHandlersFromConfig
INFO: created /update/json: solr.JsonUpdateRequestHandler
May 16, 2015 3:40:04 PM org.apache.solr.core.RequestHandlers initHandlersFromConfig
INFO: created /update/json: solr.JsonUpdateRequestHandler
May 16, 2015 3:40:04 PM org.apache.solr.core.RequestHandlers initHandlersFromConfig
INFO: created /update/json: solr.JsonUpdateRequestHandler
May 16, 2015 3:40:04 PM org.apache.solr.core.RequestHandlers initHandlersFromConfig
INFO: created /update/csv: solr.CSVRequestHandler
May 16, 2015 3:40:04 PM org.apache.solr.core.RequestHandlers initHandlersFromConfig
INFO: adding lazy requestHandler: solr.extraction.ExtractingRequestHandler
May 16, 2015 3:40:04 PM org.apache.solr.core.RequestHandlers initHandlersFromConfig
INFO: created /update/csv: solr.CSVRequestHandler
May 16, 2015 3:40:04 PM org.apache.solr.core.RequestHandlers initHandlersFromConfig
INFO: adding lazy requestHandler: solr.extraction.ExtractingRequestHandler
May 16, 2015 3:40:04 PM org.apache.solr.core.RequestHandlers initHandlersFromConfig
INFO: created /update/extract: solr.extraction.ExtractingRequestHandler
May 16, 2015 3:40:04 PM org.apache.solr.core.RequestHandlers initHandlersFromConfig
INFO: adding lazy requestHandler: solr.FieldAnalysisRequestHandler
May 16, 2015 3:40:04 PM org.apache.solr.core.RequestHandlers initHandlersFromConfig
INFO: created /analysis/field: solr.FieldAnalysisRequestHandler
May 16, 2015 3:40:04 PM org.apache.solr.core.RequestHandlers initHandlersFromConfig
INFO: adding lazy requestHandler: solr.DocumentAnalysisRequestHandler
May 16, 2015 3:40:04 PM org.apache.solr.core.RequestHandlers initHandlersFromConfig
INFO: created /analysis/document: solr.DocumentAnalysisRequestHandler
May 16, 2015 3:40:04 PM org.apache.solr.core.RequestHandlers initHandlersFromConfig
INFO: created /admin/ping: solr.PingRequestHandler
May 16, 2015 3:40:04 PM org.apache.solr.core.RequestHandlers initHandlersFromConfig
INFO: created /update/extract: solr.extraction.ExtractingRequestHandler
May 16, 2015 3:40:04 PM org.apache.solr.core.RequestHandlers initHandlersFromConfig
INFO: adding lazy requestHandler: solr.FieldAnalysisRequestHandler
May 16, 2015 3:40:04 PM org.apache.solr.core.RequestHandlers initHandlersFromConfig
INFO: created /analysis/field: solr.FieldAnalysisRequestHandler
May 16, 2015 3:40:04 PM org.apache.solr.core.RequestHandlers initHandlersFromConfig
INFO: adding lazy requestHandler: solr.DocumentAnalysisRequestHandler
May 16, 2015 3:40:04 PM org.apache.solr.core.RequestHandlers initHandlersFromConfig
INFO: created /analysis/document: solr.DocumentAnalysisRequestHandler
May 16, 2015 3:40:04 PM org.apache.solr.core.RequestHandlers initHandlersFromConfig
INFO: created /admin/ping: solr.PingRequestHandler
May 16, 2015 3:40:04 PM org.apache.solr.core.RequestHandlers initHandlersFromConfig
INFO: created /debug/dump: solr.DumpRequestHandler
May 16, 2015 3:40:04 PM org.apache.solr.core.RequestHandlers initHandlersFromConfig
INFO: created /debug/dump: solr.DumpRequestHandler
May 16, 2015 3:40:04 PM org.apache.solr.core.RequestHandlers initHandlersFromConfig
INFO: created /update/csv: solr.CSVRequestHandler
May 16, 2015 3:40:04 PM org.apache.solr.core.RequestHandlers initHandlersFromConfig
INFO: adding lazy requestHandler: solr.extraction.ExtractingRequestHandler
May 16, 2015 3:40:04 PM org.apache.solr.core.RequestHandlers initHandlersFromConfig
INFO: created /update/extract: solr.extraction.ExtractingRequestHandler
May 16, 2015 3:40:04 PM org.apache.solr.core.RequestHandlers initHandlersFromConfig
INFO: adding lazy requestHandler: solr.FieldAnalysisRequestHandler
May 16, 2015 3:40:04 PM org.apache.solr.core.RequestHandlers initHandlersFromConfig
INFO: created /analysis/field: solr.FieldAnalysisRequestHandler
May 16, 2015 3:40:04 PM org.apache.solr.core.RequestHandlers initHandlersFromConfig
INFO: adding lazy requestHandler: solr.DocumentAnalysisRequestHandler
May 16, 2015 3:40:04 PM org.apache.solr.core.RequestHandlers initHandlersFromConfig
INFO: created /analysis/document: solr.DocumentAnalysisRequestHandler
May 16, 2015 3:40:04 PM org.apache.solr.core.RequestHandlers initHandlersFromConfig
INFO: created /admin/ping: solr.PingRequestHandler
May 16, 2015 3:40:04 PM org.apache.solr.core.RequestHandlers initHandlersFromConfig
INFO: created /debug/dump: solr.DumpRequestHandler
May 16, 2015 3:40:04 PM org.apache.solr.core.RequestHandlers initHandlersFromConfig
INFO: created /replication: solr.ReplicationHandler
May 16, 2015 3:40:04 PM org.apache.solr.core.RequestHandlers initHandlersFromConfig
INFO: created /replication: solr.ReplicationHandler
May 16, 2015 3:40:04 PM org.apache.solr.core.RequestHandlers initHandlersFromConfig
INFO: created /replication: solr.ReplicationHandler
May 16, 2015 3:40:04 PM org.apache.solr.core.RequestHandlers initHandlersFromConfig
INFO: created /mlt: solr.MoreLikeThisHandler
May 16, 2015 3:40:04 PM org.apache.solr.core.RequestHandlers initHandlersFromConfig
INFO: created /admin/: solr.admin.AdminHandlers
May 16, 2015 3:40:04 PM org.apache.solr.core.RequestHandlers initHandlersFromConfig
INFO: created /mlt: solr.MoreLikeThisHandler
May 16, 2015 3:40:04 PM org.apache.solr.core.RequestHandlers initHandlersFromConfig
INFO: created /admin/: solr.admin.AdminHandlers
May 16, 2015 3:40:04 PM org.apache.solr.core.RequestHandlers initHandlersFromConfig
INFO: created /mlt: solr.MoreLikeThisHandler
May 16, 2015 3:40:04 PM org.apache.solr.core.RequestHandlers initHandlersFromConfig
INFO: created /admin/: solr.admin.AdminHandlers
May 16, 2015 3:40:04 PM org.apache.solr.handler.loader.XMLLoader init
INFO: xsltCacheLifetimeSeconds=60
May 16, 2015 3:40:04 PM org.apache.solr.handler.loader.XMLLoader init
INFO: xsltCacheLifetimeSeconds=60
May 16, 2015 3:40:04 PM org.apache.solr.handler.loader.XMLLoader init
INFO: xsltCacheLifetimeSeconds=60
May 16, 2015 3:40:04 PM org.apache.solr.handler.loader.XMLLoader init
INFO: xsltCacheLifetimeSeconds=60
May 16, 2015 3:40:04 PM org.apache.solr.handler.loader.XMLLoader init
INFO: xsltCacheLifetimeSeconds=60
May 16, 2015 3:40:04 PM org.apache.solr.handler.loader.XMLLoader init
INFO: xsltCacheLifetimeSeconds=60
May 16, 2015 3:40:04 PM org.apache.solr.handler.loader.XMLLoader init
INFO: xsltCacheLifetimeSeconds=60
May 16, 2015 3:40:04 PM org.apache.solr.handler.loader.XMLLoader init
INFO: xsltCacheLifetimeSeconds=60
May 16, 2015 3:40:04 PM org.apache.solr.handler.loader.XMLLoader init
INFO: xsltCacheLifetimeSeconds=60
May 16, 2015 3:40:04 PM org.apache.solr.search.SolrIndexSearcher <init>
INFO: Opening Searcher@5a16fedd main
May 16, 2015 3:40:04 PM org.apache.solr.search.SolrIndexSearcher <init>
INFO: Opening Searcher@6a09c8c8 main
May 16, 2015 3:40:04 PM org.apache.solr.update.CommitTracker <init>
INFO: Hard AutoCommit: if uncommited for 15000ms; 
May 16, 2015 3:40:04 PM org.apache.solr.update.CommitTracker <init>
INFO: Soft AutoCommit: if uncommited for 5000ms; 
May 16, 2015 3:40:04 PM org.apache.solr.handler.component.SpellCheckComponent inform
INFO: Initializing spell checkers
May 16, 2015 3:40:04 PM org.apache.solr.update.CommitTracker <init>
INFO: Hard AutoCommit: if uncommited for 15000ms; 
May 16, 2015 3:40:04 PM org.apache.solr.update.CommitTracker <init>
INFO: Soft AutoCommit: if uncommited for 5000ms; 
May 16, 2015 3:40:04 PM org.apache.solr.handler.component.SpellCheckComponent inform
INFO: Initializing spell checkers
May 16, 2015 3:40:05 PM org.apache.solr.search.SolrIndexSearcher <init>
INFO: Opening Searcher@4df79c42 main
May 16, 2015 3:40:05 PM org.apache.solr.handler.component.SpellCheckComponent inform
INFO: Registering newSearcher listener for spellchecker: default
May 16, 2015 3:40:05 PM org.apache.solr.handler.component.SpellCheckComponent inform
INFO: Registering newSearcher listener for spellchecker: default
May 16, 2015 3:40:05 PM org.apache.solr.spelling.DirectSolrSpellChecker init
INFO: init: {name=example,field=title_text,buildOnCommit=true,classname=solr.DirectSolrSpellChecker,distanceMeasure=internal,accuracy=0.5,maxEdits=2,minPrefix=1,maxInspections=5,minQueryLength=4,maxQueryFrequency=0.01}
May 16, 2015 3:40:05 PM org.apache.solr.handler.component.SpellCheckComponent inform
INFO: Registering newSearcher listener for spellchecker: example
May 16, 2015 3:40:05 PM org.apache.solr.spelling.DirectSolrSpellChecker init
INFO: init: {name=example,field=title_text,buildOnCommit=true,classname=solr.DirectSolrSpellChecker,distanceMeasure=internal,accuracy=0.5,maxEdits=2,minPrefix=1,maxInspections=5,minQueryLength=4,maxQueryFrequency=0.01}
May 16, 2015 3:40:05 PM org.apache.solr.handler.component.SpellCheckComponent inform
INFO: Registering newSearcher listener for spellchecker: example
May 16, 2015 3:40:05 PM org.apache.solr.handler.component.SpellCheckComponent inform
INFO: No queryConverter defined, using default converter
May 16, 2015 3:40:05 PM org.apache.solr.handler.component.SpellCheckComponent inform
INFO: No queryConverter defined, using default converter
May 16, 2015 3:40:05 PM org.apache.solr.handler.ReplicationHandler inform
INFO: Commits will be reserved for  10000
May 16, 2015 3:40:05 PM org.apache.solr.handler.ReplicationHandler inform
INFO: Commits will be reserved for  10000
May 16, 2015 3:40:05 PM org.apache.solr.core.SolrCore registerSearcher
INFO: [default] Registered new searcher Searcher@5a16fedd main{StandardDirectoryReader(segments_1:1)}
May 16, 2015 3:40:05 PM org.apache.solr.core.SolrCore registerSearcher
INFO: [test] Registered new searcher Searcher@6a09c8c8 main{StandardDirectoryReader(segments_1:1)}
May 16, 2015 3:40:05 PM org.apache.solr.core.CoreContainer registerCore
INFO: registering core: default
May 16, 2015 3:40:05 PM org.apache.solr.core.CoreContainer registerCore
INFO: registering core: test
May 16, 2015 3:40:05 PM org.apache.solr.update.CommitTracker <init>
INFO: Hard AutoCommit: if uncommited for 15000ms; 
May 16, 2015 3:40:05 PM org.apache.solr.update.CommitTracker <init>
INFO: Soft AutoCommit: if uncommited for 5000ms; 
May 16, 2015 3:40:05 PM org.apache.solr.handler.component.SpellCheckComponent inform
INFO: Initializing spell checkers
May 16, 2015 3:40:05 PM org.apache.solr.handler.component.SpellCheckComponent inform
INFO: Registering newSearcher listener for spellchecker: default
May 16, 2015 3:40:05 PM org.apache.solr.spelling.DirectSolrSpellChecker init
INFO: init: {name=example,field=title_text,buildOnCommit=true,classname=solr.DirectSolrSpellChecker,distanceMeasure=internal,accuracy=0.5,maxEdits=2,minPrefix=1,maxInspections=5,minQueryLength=4,maxQueryFrequency=0.01}
May 16, 2015 3:40:05 PM org.apache.solr.handler.component.SpellCheckComponent inform
INFO: Registering newSearcher listener for spellchecker: example
May 16, 2015 3:40:05 PM org.apache.solr.handler.component.SpellCheckComponent inform
INFO: No queryConverter defined, using default converter
May 16, 2015 3:40:05 PM org.apache.solr.handler.ReplicationHandler inform
INFO: Commits will be reserved for  10000
May 16, 2015 3:40:05 PM org.apache.solr.core.SolrCore registerSearcher
INFO: [development] Registered new searcher Searcher@4df79c42 main{StandardDirectoryReader(segments_m:117 _19(4.2):C18561)}
May 16, 2015 3:40:05 PM org.apache.solr.core.CoreContainer registerCore
INFO: registering core: development
May 16, 2015 3:40:05 PM org.apache.solr.servlet.SolrDispatchFilter init
INFO: user.dir=/Users/enyo/.rvm/gems/ruby-head/gems/sunspot_solr-2.2.0/solr
May 16, 2015 3:40:05 PM org.apache.solr.servlet.SolrDispatchFilter init
INFO: SolrDispatchFilter.init() done
